<?xml version="1.0" encoding="UTF-8"?>
<!-- Generated by org.testng.reporters.JUnitXMLReporter -->
<testsuite hostname="DESKTOP-NCMBG7O" ignored="1" name="test1" tests="2" failures="0" timestamp="27 апр 2019 19:29:13 GMT" time="0.112" errors="0">
  <testcase name="first" time="0.022" classname="samples.SampleTest"/>
  <testcase name="second" time="0.018" classname="samples.SampleTest"/>
  <testcase name="third" time="0.0" classname="samples.SampleTest">
    <ignored/>
  </testcase> <!-- third -->
</testsuite> <!-- test1 -->
