<?xml version="1.0" encoding="UTF-8"?>
<testng-results skipped="0" failed="0" ignored="1" total="3" passed="2">
  <reporter-output>
  </reporter-output>
  <suite name="Suite1" duration-ms="248" started-at="2019-04-27T19:29:13Z" finished-at="2019-04-27T19:29:13Z">
    <groups>
      <group name="unit">
        <method signature="SampleTest.first()[pri:0, instance:samples.SampleTest@481a15ff]" name="first" class="samples.SampleTest"/>
      </group> <!-- unit -->
      <group name="web">
        <method signature="SampleTest.second()[pri:0, instance:samples.SampleTest@481a15ff]" name="second" class="samples.SampleTest"/>
      </group> <!-- web -->
    </groups>
    <test name="test1" duration-ms="112" started-at="2019-04-27T19:29:13Z" finished-at="2019-04-27T19:29:13Z">
      <class name="samples.SampleTest">
        <test-method status="PASS" signature="first()[pri:0, instance:samples.SampleTest@481a15ff]" name="first" duration-ms="22" started-at="2019-04-27T19:29:13Z" finished-at="2019-04-27T19:29:13Z">
          <reporter-output>
          </reporter-output>
        </test-method> <!-- first -->
        <test-method status="PASS" signature="second()[pri:0, instance:samples.SampleTest@481a15ff]" name="second" duration-ms="18" started-at="2019-04-27T19:29:13Z" finished-at="2019-04-27T19:29:13Z">
          <reporter-output>
          </reporter-output>
        </test-method> <!-- second -->
      </class> <!-- samples.SampleTest -->
    </test> <!-- test1 -->
    <test name="test2" duration-ms="0" started-at="2019-04-27T19:29:13Z" finished-at="2019-04-27T19:29:13Z">
    </test> <!-- test2 -->
  </suite> <!-- Suite1 -->
</testng-results>
